<?xml version="1.0" encoding="UTF-8"?>
<!-- Generated by org.testng.reporters.JUnitReportReporter -->
<testsuite skipped="0" hostname="DESKTOP-D940ASI" name="com.TestNG.class01.LoginTest1" tests="2" failures="0" timestamp="15 May 2021 23:02:07 GMT" time="8.798" errors="0">
  <testcase name="testLogin" time="4.868" classname="com.TestNG.class01.LoginTest1"/>
  <testcase name="validationOfTitle" time="3.930" classname="com.TestNG.class01.LoginTest1"/>
</testsuite> <!-- com.TestNG.class01.LoginTest1 -->
